<?xml version="1.0" encoding="UTF-8"?>
<!-- Generated by org.testng.reporters.JUnitReportReporter -->
<testsuite hostname="LAPTOP-F0LCQNDP" failures="0" tests="1" name="execution.runner" time="10.769" errors="0" timestamp="2024-03-15T12:11:16 IST" skipped="0">
  <testcase classname="execution.runner" name="runScenario" time="10.769"/>
  <system-out/>
</testsuite> <!-- execution.runner -->
